<?xml version="1.0" encoding="UTF-8"?>
<testng-results ignored="0" total="2" passed="2" failed="0" skipped="0">
  <reporter-output>
  </reporter-output>
  <suite started-at="2025-01-08T12:07:19 IST" name="Suite" finished-at="2025-01-08T12:07:34 IST" duration-ms="14768">
    <groups>
      <group name="Master">
        <method signature="TC001_AccountRegistrationTest.VerifyAccountRegistration()[pri:0, instance:testCases.TC001_AccountRegistrationTest@3697186]" name="VerifyAccountRegistration" class="testCases.TC001_AccountRegistrationTest"/>
        <method signature="TC002_LoginTest.VerifyLogin()[pri:0, instance:testCases.TC002_LoginTest@2e48362c]" name="VerifyLogin" class="testCases.TC002_LoginTest"/>
      </group> <!-- Master -->
      <group name="Sanity">
        <method signature="TC002_LoginTest.VerifyLogin()[pri:0, instance:testCases.TC002_LoginTest@2e48362c]" name="VerifyLogin" class="testCases.TC002_LoginTest"/>
      </group> <!-- Sanity -->
      <group name="Regression">
        <method signature="TC001_AccountRegistrationTest.VerifyAccountRegistration()[pri:0, instance:testCases.TC001_AccountRegistrationTest@3697186]" name="VerifyAccountRegistration" class="testCases.TC001_AccountRegistrationTest"/>
      </group> <!-- Regression -->
    </groups>
    <test started-at="2025-01-08T12:07:19 IST" name="Test" finished-at="2025-01-08T12:07:34 IST" duration-ms="14768">
      <class name="testCases.TC002_LoginTest">
        <test-method is-config="true" signature="setUp(java.lang.String,java.lang.String)[pri:0, instance:testCases.TC002_LoginTest@2e48362c]" started-at="2025-01-08T12:07:29 IST" name="setUp" finished-at="2025-01-08T12:07:31 IST" duration-ms="2610" status="PASS">
          <params>
            <param index="0">
              <value>
                <![CDATA[chrome]]>
              </value>
            </param>
            <param index="1">
              <value>
                <![CDATA[windows]]>
              </value>
            </param>
          </params>
          <reporter-output>
          </reporter-output>
        </test-method> <!-- setUp -->
        <test-method signature="VerifyLogin()[pri:0, instance:testCases.TC002_LoginTest@2e48362c]" started-at="2025-01-08T12:07:31 IST" name="VerifyLogin" finished-at="2025-01-08T12:07:34 IST" duration-ms="2281" status="PASS">
          <reporter-output>
          </reporter-output>
        </test-method> <!-- VerifyLogin -->
        <test-method is-config="true" signature="tearDown()[pri:0, instance:testCases.TC002_LoginTest@2e48362c]" started-at="2025-01-08T12:07:34 IST" name="tearDown" finished-at="2025-01-08T12:07:34 IST" duration-ms="406" status="PASS">
          <reporter-output>
          </reporter-output>
        </test-method> <!-- tearDown -->
      </class> <!-- testCases.TC002_LoginTest -->
      <class name="testCases.TC001_AccountRegistrationTest">
        <test-method is-config="true" signature="setUp(java.lang.String,java.lang.String)[pri:0, instance:testCases.TC001_AccountRegistrationTest@3697186]" started-at="2025-01-08T12:07:20 IST" name="setUp" finished-at="2025-01-08T12:07:26 IST" duration-ms="5983" status="PASS">
          <params>
            <param index="0">
              <value>
                <![CDATA[chrome]]>
              </value>
            </param>
            <param index="1">
              <value>
                <![CDATA[windows]]>
              </value>
            </param>
          </params>
          <reporter-output>
          </reporter-output>
        </test-method> <!-- setUp -->
        <test-method signature="VerifyAccountRegistration()[pri:0, instance:testCases.TC001_AccountRegistrationTest@3697186]" started-at="2025-01-08T12:07:26 IST" name="VerifyAccountRegistration" finished-at="2025-01-08T12:07:28 IST" duration-ms="2515" status="PASS">
          <reporter-output>
          </reporter-output>
        </test-method> <!-- VerifyAccountRegistration -->
        <test-method is-config="true" signature="tearDown()[pri:0, instance:testCases.TC001_AccountRegistrationTest@3697186]" started-at="2025-01-08T12:07:28 IST" name="tearDown" finished-at="2025-01-08T12:07:29 IST" duration-ms="537" status="PASS">
          <reporter-output>
          </reporter-output>
        </test-method> <!-- tearDown -->
      </class> <!-- testCases.TC001_AccountRegistrationTest -->
    </test> <!-- Test -->
  </suite> <!-- Suite -->
</testng-results>
